<?xml version="1.0" encoding="UTF-8"?>
<!-- Generated by org.testng.reporters.JUnitReportReporter -->
<testsuite hostname="LAPTOP-JGVLLPCA" failures="0" tests="4" name="testNG.GoogleSearch_DataProvider_0109" time="29.842" errors="0" timestamp="2024-09-01T17:39:28 IST" skipped="0">
  <testcase classname="testNG.GoogleSearch_DataProvider_0109" name="google" time="7.576"/>
  <testcase classname="testNG.GoogleSearch_DataProvider_0109" name="google" time="7.337"/>
  <testcase classname="testNG.GoogleSearch_DataProvider_0109" name="google" time="7.238"/>
  <testcase classname="testNG.GoogleSearch_DataProvider_0109" name="google" time="7.691"/>
</testsuite> <!-- testNG.GoogleSearch_DataProvider_0109 -->
