<?xml version="1.0" encoding="UTF-8"?>
<!-- Generated by org.testng.reporters.JUnitReportReporter -->
<testsuite hostname="LAPTOP-JGVLLPCA" failures="0" tests="2" name="testNG.Annotation_Task_FrontAccounting_2508" time="34.347" errors="0" timestamp="2024-08-25T17:16:29 IST" skipped="0">
  <testcase classname="testNG.Annotation_Task_FrontAccounting_2508" name="salesQuotation" time="17.402"/>
  <testcase classname="testNG.Annotation_Task_FrontAccounting_2508" name="salesOrder" time="16.945"/>
</testsuite> <!-- testNG.Annotation_Task_FrontAccounting_2508 -->
