<?xml version="1.0" encoding="UTF-8"?>
<!-- Generated by org.testng.reporters.JUnitReportReporter -->
<testsuite hostname="LAPTOP-JGVLLPCA" failures="0" tests="1" name="testNG.FlipkartPriceValidation" time="10.841" errors="0" timestamp="2024-09-15T15:31:05 IST" skipped="0">
  <testcase classname="testNG.FlipkartPriceValidation" name="price" time="10.841"/>
</testsuite> <!-- testNG.FlipkartPriceValidation -->
