<?xml version="1.0" encoding="UTF-8"?>
<!-- Generated by org.testng.reporters.JUnitReportReporter -->
<testsuite hostname="LAPTOP-JGVLLPCA" failures="0" tests="2" name="testNG.AnnotationForsauceDemo_2508" time="20.630" errors="0" timestamp="2024-08-25T16:38:41 IST" skipped="0">
  <testcase classname="testNG.AnnotationForsauceDemo_2508" name="Product2" time="10.343"/>
  <testcase classname="testNG.AnnotationForsauceDemo_2508" name="Product1" time="10.287"/>
</testsuite> <!-- testNG.AnnotationForsauceDemo_2508 -->
