<?xml version="1.0" encoding="UTF-8"?>
<!-- Generated by org.testng.reporters.JUnitReportReporter -->
<testsuite hostname="LAPTOP-JGVLLPCA" failures="0" tests="2" name="testNG.TestNG_Demo_0408" time="9.208" errors="0" timestamp="2024-09-15T16:14:51 IST" skipped="0">
  <testcase classname="testNG.TestNG_Demo_0408" name="facebook" time="5.754"/>
  <testcase classname="testNG.TestNG_Demo_0408" name="google" time="3.454"/>
</testsuite> <!-- testNG.TestNG_Demo_0408 -->
