<?xml version="1.0" encoding="UTF-8"?>
<!-- Generated by org.testng.reporters.JUnitReportReporter -->
<testsuite hostname="LAPTOP-JGVLLPCA" failures="0" tests="4" name="testNG.FrontAccounting_0109" time="42.482" errors="0" timestamp="2024-09-01T17:17:17 IST" skipped="0">
  <testcase classname="testNG.FrontAccounting_0109" name="login" time="10.151"/>
  <testcase classname="testNG.FrontAccounting_0109" name="login" time="10.017"/>
  <testcase classname="testNG.FrontAccounting_0109" name="login" time="12.330"/>
  <testcase classname="testNG.FrontAccounting_0109" name="login" time="9.984"/>
</testsuite> <!-- testNG.FrontAccounting_0109 -->
