<?xml version="1.0" encoding="UTF-8"?>
<!-- Generated by org.testng.reporters.JUnitReportReporter -->
<testsuite hostname="LAPTOP-JGVLLPCA" failures="0" tests="2" name="logger4jDemo.CrossBrowsingWithLog4j_2909" time="16.547" errors="0" timestamp="2024-09-29T22:14:15 IST" skipped="0">
  <testcase classname="logger4jDemo.CrossBrowsingWithLog4j_2909" name="login" time="8.316"/>
  <testcase classname="logger4jDemo.CrossBrowsingWithLog4j_2909" name="login" time="8.231"/>
</testsuite> <!-- logger4jDemo.CrossBrowsingWithLog4j_2909 -->
