<?xml version="1.0" encoding="UTF-8"?>
<!-- Generated by org.testng.reporters.JUnitReportReporter -->
<testsuite hostname="LAPTOP-JGVLLPCA" failures="0" tests="2" name="testNG.CrossBrowserTestingGrid_Standalone_0809" time="30.057" errors="0" timestamp="2024-09-15T17:06:12 IST" skipped="0">
  <testcase classname="testNG.CrossBrowserTestingGrid_Standalone_0809" name="login" time="12.575"/>
  <testcase classname="testNG.CrossBrowserTestingGrid_Standalone_0809" name="login" time="17.482"/>
</testsuite> <!-- testNG.CrossBrowserTestingGrid_Standalone_0809 -->
