<?xml version="1.0" encoding="UTF-8"?>
<!-- Generated by org.testng.reporters.JUnitReportReporter -->
<testsuite hostname="LAPTOP-JGVLLPCA" failures="0" tests="6" name="testNG.CustomizedReport_0809" time="29.458" errors="0" timestamp="2024-09-08T16:24:53 IST" skipped="0">
  <testcase classname="testNG.CustomizedReport_0809" name="login" time="4.010">
    <system-out>
      <![CDATA[Browser has been launch successful.
Browser has redirect to Sauce Demo web page.
User has enterproblem_user has a username
User has entersecret_sauce has a password
User has click on login button 
user has click  on open menu button.
user has been logout successful.]]>
    </system-out>
  </testcase> <!-- login -->
  <testcase classname="testNG.CustomizedReport_0809" name="login" time="9.134">
    <system-out>
      <![CDATA[Browser has been launch successful.
Browser has redirect to Sauce Demo web page.
User has enterperformance_glitch_user has a username
User has entersecret_sauce has a password
User has click on login button 
user has click  on open menu button.
user has been logout successful.]]>
    </system-out>
  </testcase> <!-- login -->
  <testcase classname="testNG.CustomizedReport_0809" name="login" time="4.279">
    <system-out>
      <![CDATA[Browser has been launch successful.
Browser has redirect to Sauce Demo web page.
User has enterstandard_user has a username
User has entersecret_sauce has a password
User has click on login button 
user has click  on open menu button.
user has been logout successful.]]>
    </system-out>
  </testcase> <!-- login -->
  <testcase classname="testNG.CustomizedReport_0809" name="login" time="4.506">
    <system-out>
      <![CDATA[Browser has been launch successful.
Browser has redirect to Sauce Demo web page.
User has entererror_user has a username
User has entersecret_sauce has a password
User has click on login button 
user has click  on open menu button.
user has been logout successful.]]>
    </system-out>
  </testcase> <!-- login -->
  <testcase classname="testNG.CustomizedReport_0809" name="login" time="5.742">
    <system-out>
      <![CDATA[Browser has been launch successful.
Browser has redirect to Sauce Demo web page.
User has entervisual_user has a username
User has entersecret_sauce has a password
User has click on login button 
user has click  on open menu button.
user has been logout successful.]]>
    </system-out>
  </testcase> <!-- login -->
  <testcase classname="testNG.CustomizedReport_0809" name="login" time="1.787">
    <system-out>
      <![CDATA[Browser has been launch successful.
Browser has redirect to Sauce Demo web page.
User has enterlocked_out_user has a username
User has entersecret_sauce has a password
User has click on login button 
user not able to login by using  secret_sauce]]>
    </system-out>
  </testcase> <!-- login -->
  <system-out>
    <![CDATA[Browser has been launch successful.
Browser has redirect to Sauce Demo web page.
User has enterstandard_user has a username
User has entersecret_sauce has a password
User has click on login button 
user has click  on open menu button.
user has been logout successful.
Browser has been launch successful.
Browser has redirect to Sauce Demo web page.
User has enterlocked_out_user has a username
User has entersecret_sauce has a password
User has click on login button 
user not able to login by using  secret_sauce
Browser has been launch successful.
Browser has redirect to Sauce Demo web page.
User has enterproblem_user has a username
User has entersecret_sauce has a password
User has click on login button 
user has click  on open menu button.
user has been logout successful.
Browser has been launch successful.
Browser has redirect to Sauce Demo web page.
User has enterperformance_glitch_user has a username
User has entersecret_sauce has a password
User has click on login button 
user has click  on open menu button.
user has been logout successful.
Browser has been launch successful.
Browser has redirect to Sauce Demo web page.
User has entererror_user has a username
User has entersecret_sauce has a password
User has click on login button 
user has click  on open menu button.
user has been logout successful.
Browser has been launch successful.
Browser has redirect to Sauce Demo web page.
User has entervisual_user has a username
User has entersecret_sauce has a password
User has click on login button 
user has click  on open menu button.
user has been logout successful.]]>
  </system-out>
</testsuite> <!-- testNG.CustomizedReport_0809 -->
