<?xml version="1.0" encoding="UTF-8"?>
<!-- Generated by org.testng.reporters.JUnitReportReporter -->
<testsuite hostname="LAPTOP-JGVLLPCA" failures="0" tests="1" name="testNG.Assertion_2508" time="7.620" errors="0" timestamp="2024-08-25T17:53:52 IST" skipped="0">
  <testcase classname="testNG.Assertion_2508" name="frontaccounting" time="7.620"/>
</testsuite> <!-- testNG.Assertion_2508 -->
