<?xml version="1.0" encoding="UTF-8"?>
<!-- Generated by org.testng.reporters.JUnitReportReporter -->
<testsuite hostname="LAPTOP-JGVLLPCA" failures="0" tests="2" name="logger4jDemo.CrossBrowsingWithLog4j_2909" time="17.314" errors="0" timestamp="2024-10-20T15:20:52 IST" skipped="0">
  <testcase classname="logger4jDemo.CrossBrowsingWithLog4j_2909" name="login" time="7.559"/>
  <testcase classname="logger4jDemo.CrossBrowsingWithLog4j_2909" name="login" time="9.755"/>
</testsuite> <!-- logger4jDemo.CrossBrowsingWithLog4j_2909 -->
